#
# There is insufficient memory for the Java Runtime Environment to continue.
# Native memory allocation (mmap) failed to map 78118912 bytes for committing reserved memory.
# Possible reasons:
#   The system is out of physical RAM or swap space
#   In 32 bit mode, the process size limit was hit
# Possible solutions:
#   Reduce memory load on the system
#   Increase physical memory or swap space
#   Check if swap backing store is full
#   Use 64 bit Java on a 64 bit OS
#   Decrease Java heap size (-Xmx/-Xms)
#   Decrease number of Java threads
#   Decrease Java thread stack sizes (-Xss)
#   Set larger code cache with -XX:ReservedCodeCacheSize=
# This output file may be truncated or incomplete.
#
#  Out of Memory Error (os_linux.cpp:2630), pid=17918, tid=0x00007f0f08f6c700
#
# JRE version: OpenJDK Runtime Environment (8.0_121-b13) (build 1.8.0_121-8u121-b13-0ubuntu1.16.04.2-b13)
# Java VM: OpenJDK 64-Bit Server VM (25.121-b13 mixed mode linux-amd64 compressed oops)
# Failed to write core dump. Core dumps have been disabled. To enable core dumping, try "ulimit -c unlimited" before starting Java again
#

---------------  T H R E A D  ---------------

Current thread (0x00007f0f1c07f800):  VMThread [stack: 0x00007f0f08e6c000,0x00007f0f08f6d000] [id=17946]

Stack: [0x00007f0f08e6c000,0x00007f0f08f6d000],  sp=0x00007f0f08f6b4c0,  free space=1021k
Native frames: (J=compiled Java code, j=interpreted, Vv=VM code, C=native code)
V  [libjvm.so+0xa6647b]
V  [libjvm.so+0x4c32dc]
V  [libjvm.so+0x8b4b60]
V  [libjvm.so+0x8aefde]
V  [libjvm.so+0x929a16]
V  [libjvm.so+0x92ad43]
V  [libjvm.so+0x9273f3]
V  [libjvm.so+0x9276bc]
V  [libjvm.so+0x8d9553]
V  [libjvm.so+0xa68132]
V  [libjvm.so+0xa6d217]
V  [libjvm.so+0xa6a9e7]
V  [libjvm.so+0xa6be6f]
V  [libjvm.so+0xa6c361]
V  [libjvm.so+0x8b2042]

VM_Operation (0x00007f0f232b92b0): ParallelGCFailedAllocation, mode: safepoint, requested by thread 0x00007f0f1c00a000


---------------  P R O C E S S  ---------------

Java Threads: ( => current thread )
  0x00007f0f1c39b000 JavaThread "resolver-5" daemon [_thread_blocked, id=17961, stack(0x00007f0ef25cf000,0x00007f0ef26d0000)]
  0x00007f0f1c39a800 JavaThread "resolver-4" daemon [_thread_blocked, id=17960, stack(0x00007f0ef26d0000,0x00007f0ef27d1000)]
  0x00007f0f1c399800 JavaThread "resolver-3" daemon [_thread_blocked, id=17959, stack(0x00007f0ef27d1000,0x00007f0ef28d2000)]
  0x00007f0f1c399000 JavaThread "resolver-2" daemon [_thread_blocked, id=17958, stack(0x00007f0ef28d2000,0x00007f0ef29d3000)]
  0x00007f0f1cc65000 JavaThread "resolver-1" daemon [_thread_blocked, id=17957, stack(0x00007f0ef29d3000,0x00007f0ef2ad4000)]
  0x00007f0f1c0cb800 JavaThread "Service Thread" daemon [_thread_blocked, id=17954, stack(0x00007f0f0838c000,0x00007f0f0848d000)]
  0x00007f0f1c0be800 JavaThread "C1 CompilerThread3" daemon [_thread_blocked, id=17953, stack(0x00007f0f0848d000,0x00007f0f0858e000)]
  0x00007f0f1c0ba000 JavaThread "C2 CompilerThread2" daemon [_thread_blocked, id=17952, stack(0x00007f0f0858e000,0x00007f0f0868f000)]
  0x00007f0f1c0b8800 JavaThread "C2 CompilerThread1" daemon [_thread_blocked, id=17951, stack(0x00007f0f0868f000,0x00007f0f08790000)]
  0x00007f0f1c0b5800 JavaThread "C2 CompilerThread0" daemon [_thread_blocked, id=17950, stack(0x00007f0f08790000,0x00007f0f08891000)]
  0x00007f0f1c0b3800 JavaThread "Signal Dispatcher" daemon [_thread_blocked, id=17949, stack(0x00007f0f08891000,0x00007f0f08992000)]
  0x00007f0f1c08c000 JavaThread "Finalizer" daemon [_thread_blocked, id=17948, stack(0x00007f0f08c6a000,0x00007f0f08d6b000)]
  0x00007f0f1c087000 JavaThread "Reference Handler" daemon [_thread_blocked, id=17947, stack(0x00007f0f08d6b000,0x00007f0f08e6c000)]
  0x00007f0f1c00a000 JavaThread "main" [_thread_blocked, id=17937, stack(0x00007f0f231bb000,0x00007f0f232bc000)]

Other Threads:
=>0x00007f0f1c07f800 VMThread [stack: 0x00007f0f08e6c000,0x00007f0f08f6d000] [id=17946]
  0x00007f0f1c0ce000 WatcherThread [stack: 0x00007f0f0828b000,0x00007f0f0838c000] [id=17955]

VM state:at safepoint (normal execution)

VM Mutex/Monitor currently owned by a thread:  ([mutex/lock_event])
[0x00007f0f1c0064b0] Threads_lock - owner thread: 0x00007f0f1c07f800
[0x00007f0f1c0069b0] Heap_lock - owner thread: 0x00007f0f1c00a000

Heap:
 PSYoungGen      total 205312K, used 9783K [0x00000000d6e00000, 0x00000000e4300000, 0x0000000100000000)
  eden space 192512K, 0% used [0x00000000d6e00000,0x00000000d6e00000,0x00000000e2a00000)
  from space 12800K, 76% used [0x00000000e2a00000,0x00000000e338dd98,0x00000000e3680000)
  to   space 9728K, 0% used [0x00000000e3980000,0x00000000e3980000,0x00000000e4300000)
 ParOldGen       total 59904K, used 13769K [0x0000000084a00000, 0x0000000088480000, 0x00000000d6e00000)
  object space 59904K, 22% used [0x0000000084a00000,0x00000000857726e0,0x0000000088480000)
 Metaspace       used 27010K, capacity 27824K, committed 27952K, reserved 1073152K
  class space    used 3105K, capacity 3352K, committed 3376K, reserved 1048576K

Card table byte_map: [0x00007f0f0c449000,0x00007f0f0c825000] byte_map_base: 0x00007f0f0c024000

Marking Bits: (ParMarkBitMap*) 0x00007f0f2248e220
 Begin Bits: [0x00007f0f00250000, 0x00007f0f02128000)
 End Bits:   [0x00007f0f02128000, 0x00007f0f04000000)

Polling page: 0x00007f0f232e0000

CodeCache: size=245760Kb used=16926Kb max_used=16926Kb free=228833Kb
 bounds [0x00007f0f0cbe5000, 0x00007f0f0dc85000, 0x00007f0f1bbe5000]
 total_blobs=4668 nmethods=4286 adapters=296
 compilation: enabled

Compilation events (10 events):
Event: 15.441 Thread 0x00007f0f1c0b5800 nmethod 4913 0x00007f0f0dc775d0 code [0x00007f0f0dc77880, 0x00007f0f0dc789a0]
Event: 15.444 Thread 0x00007f0f1c0b8800 nmethod 4915 0x00007f0f0dc7d910 code [0x00007f0f0dc7dae0, 0x00007f0f0dc7eac8]
Event: 15.461 Thread 0x00007f0f1c0be800 4918       3       org.codehaus.plexus.archiver.ArchiveEntry::createDirectoryEntry (53 bytes)
Event: 15.462 Thread 0x00007f0f1c0be800 nmethod 4918 0x00007f0f0dc5e390 code [0x00007f0f0dc5e5a0, 0x00007f0f0dc5f008]
Event: 15.462 Thread 0x00007f0f1c0be800 4919       3       java.util.zip.ZipCoder::get (9 bytes)
Event: 15.462 Thread 0x00007f0f1c0be800 nmethod 4919 0x00007f0f0dc7d150 code [0x00007f0f0dc7d2e0, 0x00007f0f0dc7d748]
Event: 15.462 Thread 0x00007f0f1c0be800 4920       3       java.util.zip.ZipCoder::<init> (27 bytes)
Event: 15.462 Thread 0x00007f0f1c0be800 nmethod 4920 0x00007f0f0dc7ca90 code [0x00007f0f0dc7cc20, 0x00007f0f0dc7cfe8]
Event: 15.483 Thread 0x00007f0f1c0be800 4921       3       java.util.zip.ZipFile::<init> (197 bytes)
Event: 15.485 Thread 0x00007f0f1c0be800 nmethod 4921 0x00007f0f0dc7f390 code [0x00007f0f0dc7f7a0, 0x00007f0f0dc81d58]

GC Heap History (10 events):
Event: 5.819 GC heap after
Heap after GC invocations=5 (full 0):
 PSYoungGen      total 68608K, used 5104K [0x00000000d6e00000, 0x00000000dfd00000, 0x0000000100000000)
  eden space 63488K, 0% used [0x00000000d6e00000,0x00000000d6e00000,0x00000000dac00000)
  from space 5120K, 99% used [0x00000000dac00000,0x00000000db0fc010,0x00000000db100000)
  to   space 9728K, 0% used [0x00000000df380000,0x00000000df380000,0x00000000dfd00000)
 ParOldGen       total 84992K, used 7378K [0x0000000084a00000, 0x0000000089d00000, 0x00000000d6e00000)
  object space 84992K, 8% used [0x0000000084a00000,0x0000000085134b58,0x0000000089d00000)
 Metaspace       used 17324K, capacity 17728K, committed 18048K, reserved 1064960K
  class space    used 2021K, capacity 2152K, committed 2176K, reserved 1048576K
}
Event: 6.988 GC heap before
{Heap before GC invocations=6 (full 0):
 PSYoungGen      total 68608K, used 44300K [0x00000000d6e00000, 0x00000000dfd00000, 0x0000000100000000)
  eden space 63488K, 61% used [0x00000000d6e00000,0x00000000d9447220,0x00000000dac00000)
  from space 5120K, 99% used [0x00000000dac00000,0x00000000db0fc010,0x00000000db100000)
  to   space 9728K, 0% used [0x00000000df380000,0x00000000df380000,0x00000000dfd00000)
 ParOldGen       total 84992K, used 7378K [0x0000000084a00000, 0x0000000089d00000, 0x00000000d6e00000)
  object space 84992K, 8% used [0x0000000084a00000,0x0000000085134b58,0x0000000089d00000)
 Metaspace       used 20747K, capacity 21206K, committed 21296K, reserved 1069056K
  class space    used 2455K, capacity 2586K, committed 2608K, reserved 1048576K
Event: 7.069 GC heap after
Heap after GC invocations=6 (full 0):
 PSYoungGen      total 136704K, used 7604K [0x00000000d6e00000, 0x00000000dfd00000, 0x0000000100000000)
  eden space 126976K, 0% used [0x00000000d6e00000,0x00000000d6e00000,0x00000000dea00000)
  from space 9728K, 78% used [0x00000000df380000,0x00000000dfaed2c8,0x00000000dfd00000)
  to   space 9728K, 0% used [0x00000000dea00000,0x00000000dea00000,0x00000000df380000)
 ParOldGen       total 84992K, used 7386K [0x0000000084a00000, 0x0000000089d00000, 0x00000000d6e00000)
  object space 84992K, 8% used [0x0000000084a00000,0x0000000085136b58,0x0000000089d00000)
 Metaspace       used 20747K, capacity 21206K, committed 21296K, reserved 1069056K
  class space    used 2455K, capacity 2586K, committed 2608K, reserved 1048576K
}
Event: 7.069 GC heap before
{Heap before GC invocations=7 (full 1):
 PSYoungGen      total 136704K, used 7604K [0x00000000d6e00000, 0x00000000dfd00000, 0x0000000100000000)
  eden space 126976K, 0% used [0x00000000d6e00000,0x00000000d6e00000,0x00000000dea00000)
  from space 9728K, 78% used [0x00000000df380000,0x00000000dfaed2c8,0x00000000dfd00000)
  to   space 9728K, 0% used [0x00000000dea00000,0x00000000dea00000,0x00000000df380000)
 ParOldGen       total 84992K, used 7386K [0x0000000084a00000, 0x0000000089d00000, 0x00000000d6e00000)
  object space 84992K, 8% used [0x0000000084a00000,0x0000000085136b58,0x0000000089d00000)
 Metaspace       used 20747K, capacity 21206K, committed 21296K, reserved 1069056K
  class space    used 2455K, capacity 2586K, committed 2608K, reserved 1048576K
Event: 7.191 GC heap after
Heap after GC invocations=7 (full 1):
 PSYoungGen      total 136704K, used 0K [0x00000000d6e00000, 0x00000000dfd00000, 0x0000000100000000)
  eden space 126976K, 0% used [0x00000000d6e00000,0x00000000d6e00000,0x00000000dea00000)
  from space 9728K, 0% used [0x00000000df380000,0x00000000df380000,0x00000000dfd00000)
  to   space 9728K, 0% used [0x00000000dea00000,0x00000000dea00000,0x00000000df380000)
 ParOldGen       total 59904K, used 10781K [0x0000000084a00000, 0x0000000088480000, 0x00000000d6e00000)
  object space 59904K, 17% used [0x0000000084a00000,0x0000000085487750,0x0000000088480000)
 Metaspace       used 20747K, capacity 21206K, committed 21296K, reserved 1069056K
  class space    used 2455K, capacity 2586K, committed 2608K, reserved 1048576K
}
Event: 12.135 GC heap before
{Heap before GC invocations=8 (full 1):
 PSYoungGen      total 136704K, used 126976K [0x00000000d6e00000, 0x00000000dfd00000, 0x0000000100000000)
  eden space 126976K, 100% used [0x00000000d6e00000,0x00000000dea00000,0x00000000dea00000)
  from space 9728K, 0% used [0x00000000df380000,0x00000000df380000,0x00000000dfd00000)
  to   space 9728K, 0% used [0x00000000dea00000,0x00000000dea00000,0x00000000df380000)
 ParOldGen       total 59904K, used 10781K [0x0000000084a00000, 0x0000000088480000, 0x00000000d6e00000)
  object space 59904K, 17% used [0x0000000084a00000,0x0000000085487750,0x0000000088480000)
 Metaspace       used 26300K, capacity 27008K, committed 27184K, reserved 1073152K
  class space    used 3078K, capacity 3252K, committed 3376K, reserved 1048576K
Event: 12.168 GC heap after
Heap after GC invocations=8 (full 1):
 PSYoungGen      total 136704K, used 9716K [0x00000000d6e00000, 0x00000000e4580000, 0x0000000100000000)
  eden space 126976K, 0% used [0x00000000d6e00000,0x00000000d6e00000,0x00000000dea00000)
  from space 9728K, 99% used [0x00000000dea00000,0x00000000df37d3f8,0x00000000df380000)
  to   space 12288K, 0% used [0x00000000e3980000,0x00000000e3980000,0x00000000e4580000)
 ParOldGen       total 59904K, used 13753K [0x0000000084a00000, 0x0000000088480000, 0x00000000d6e00000)
  object space 59904K, 22% used [0x0000000084a00000,0x000000008576e6e0,0x0000000088480000)
 Metaspace       used 26300K, capacity 27008K, committed 27184K, reserved 1073152K
  class space    used 3078K, capacity 3252K, committed 3376K, reserved 1048576K
}
Event: 14.941 GC heap before
{Heap before GC invocations=9 (full 1):
 PSYoungGen      total 136704K, used 136692K [0x00000000d6e00000, 0x00000000e4580000, 0x0000000100000000)
  eden space 126976K, 100% used [0x00000000d6e00000,0x00000000dea00000,0x00000000dea00000)
  from space 9728K, 99% used [0x00000000dea00000,0x00000000df37d3f8,0x00000000df380000)
  to   space 12288K, 0% used [0x00000000e3980000,0x00000000e3980000,0x00000000e4580000)
 ParOldGen       total 59904K, used 13753K [0x0000000084a00000, 0x0000000088480000, 0x00000000d6e00000)
  object space 59904K, 22% used [0x0000000084a00000,0x000000008576e6e0,0x0000000088480000)
 Metaspace       used 26829K, capacity 27632K, committed 27952K, reserved 1073152K
  class space    used 3096K, capacity 3288K, committed 3376K, reserved 1048576K
Event: 14.977 GC heap after
Heap after GC invocations=9 (full 1):
 PSYoungGen      total 202240K, used 9697K [0x00000000d6e00000, 0x00000000e4300000, 0x0000000100000000)
  eden space 192512K, 0% used [0x00000000d6e00000,0x00000000d6e00000,0x00000000e2a00000)
  from space 9728K, 99% used [0x00000000e3980000,0x00000000e42f8708,0x00000000e4300000)
  to   space 12800K, 0% used [0x00000000e2a00000,0x00000000e2a00000,0x00000000e3680000)
 ParOldGen       total 59904K, used 13761K [0x0000000084a00000, 0x0000000088480000, 0x00000000d6e00000)
  object space 59904K, 22% used [0x0000000084a00000,0x00000000857706e0,0x0000000088480000)
 Metaspace       used 26829K, capacity 27632K, committed 27952K, reserved 1073152K
  class space    used 3096K, capacity 3288K, committed 3376K, reserved 1048576K
}
Event: 15.549 GC heap before
{Heap before GC invocations=10 (full 1):
 PSYoungGen      total 202240K, used 202209K [0x00000000d6e00000, 0x00000000e4300000, 0x0000000100000000)
  eden space 192512K, 100% used [0x00000000d6e00000,0x00000000e2a00000,0x00000000e2a00000)
  from space 9728K, 99% used [0x00000000e3980000,0x00000000e42f8708,0x00000000e4300000)
  to   space 12800K, 0% used [0x00000000e2a00000,0x00000000e2a00000,0x00000000e3680000)
 ParOldGen       total 59904K, used 13761K [0x0000000084a00000, 0x0000000088480000, 0x00000000d6e00000)
  object space 59904K, 22% used [0x0000000084a00000,0x00000000857706e0,0x0000000088480000)
 Metaspace       used 27010K, capacity 27824K, committed 27952K, reserved 1073152K
  class space    used 3105K, capacity 3352K, committed 3376K, reserved 1048576K

Deoptimization events (10 events):
Event: 15.026 Thread 0x00007f0f1c00a000 Uncommon trap: reason=class_check action=maybe_recompile pc=0x00007f0f0d719e60 method=org.codehaus.plexus.interpolation.PrefixedValueSourceWrapper.getValue(Ljava/lang/String;)Ljava/lang/Object; @ 33
Event: 15.026 Thread 0x00007f0f1c00a000 Uncommon trap: reason=class_check action=maybe_recompile pc=0x00007f0f0d5d5920 method=org.codehaus.plexus.interpolation.StringSearchInterpolator.interpolate(Ljava/lang/String;Lorg/codehaus/plexus/interpolation/RecursionInterceptor;Ljava/util/Set;)Ljava/la
Event: 15.026 Thread 0x00007f0f1c00a000 Uncommon trap: reason=class_check action=maybe_recompile pc=0x00007f0f0d375974 method=org.apache.maven.model.interpolation.AbstractStringBasedModelInterpolator.interpolateInternal(Ljava/lang/String;Ljava/util/List;Ljava/util/List;Lorg/apache/maven/model/b
Event: 15.026 Thread 0x00007f0f1c00a000 Uncommon trap: reason=class_check action=maybe_recompile pc=0x00007f0f0d719e60 method=org.codehaus.plexus.interpolation.PrefixedValueSourceWrapper.getValue(Ljava/lang/String;)Ljava/lang/Object; @ 33
Event: 15.026 Thread 0x00007f0f1c00a000 Uncommon trap: reason=class_check action=maybe_recompile pc=0x00007f0f0d5d5920 method=org.codehaus.plexus.interpolation.StringSearchInterpolator.interpolate(Ljava/lang/String;Lorg/codehaus/plexus/interpolation/RecursionInterceptor;Ljava/util/Set;)Ljava/la
Event: 15.026 Thread 0x00007f0f1c00a000 Uncommon trap: reason=class_check action=maybe_recompile pc=0x00007f0f0d5d5920 method=org.codehaus.plexus.interpolation.StringSearchInterpolator.interpolate(Ljava/lang/String;Lorg/codehaus/plexus/interpolation/RecursionInterceptor;Ljava/util/Set;)Ljava/la
Event: 15.077 Thread 0x00007f0f1c00a000 Uncommon trap: reason=unstable_if action=reinterpret pc=0x00007f0f0d7e0564 method=org.codehaus.plexus.util.SelectorUtils.equals(CCZ)Z @ 2
Event: 15.094 Thread 0x00007f0f1c00a000 Uncommon trap: reason=unstable_if action=reinterpret pc=0x00007f0f0d3b2dd4 method=org.codehaus.plexus.util.SelectorUtils.matchAntPathPattern([Ljava/lang/String;[Ljava/lang/String;Z)Z @ 129
Event: 15.380 Thread 0x00007f0f1c00a000 Uncommon trap: reason=unstable_if action=reinterpret pc=0x00007f0f0dc514bc method=org.codehaus.plexus.util.SelectorUtils.match([C[CZ)Z @ 111
Event: 15.424 Thread 0x00007f0f1c00a000 Uncommon trap: reason=unstable_if action=reinterpret pc=0x00007f0f0dc76234 method=org.codehaus.plexus.util.SelectorUtils.match([C[CZ)Z @ 225

Internal exceptions (10 events):
Event: 4.332 Thread 0x00007f0f1c00a000 Implicit null exception at 0x00007f0f0cf1263b to 0x00007f0f0cf12c1d
Event: 5.666 Thread 0x00007f0f1c00a000 Implicit null exception at 0x00007f0f0d4cdce3 to 0x00007f0f0d4cee61
Event: 6.550 Thread 0x00007f0f1c00a000 Exception <a 'java/lang/ClassNotFoundException': com/sun/tools/javac/api/JavacTool> (0x00000000d8925f00) thrown at [/build/openjdk-8-YiEakL/openjdk-8-8u121-b13/src/hotspot/src/share/vm/classfile/systemDictionary.cpp, line 210]
Event: 8.810 Thread 0x00007f0f1c00a000 Exception <a 'java/io/FileNotFoundException'> (0x00000000d79e15d8) thrown at [/build/openjdk-8-YiEakL/openjdk-8-8u121-b13/src/hotspot/src/share/vm/prims/jni.cpp, line 709]
Event: 8.837 Thread 0x00007f0f1c00a000 Exception <a 'java/io/FileNotFoundException'> (0x00000000d7a076f8) thrown at [/build/openjdk-8-YiEakL/openjdk-8-8u121-b13/src/hotspot/src/share/vm/prims/jni.cpp, line 709]
Event: 8.837 Thread 0x00007f0f1c00a000 Exception <a 'java/io/FileNotFoundException'> (0x00000000d7a082e8) thrown at [/build/openjdk-8-YiEakL/openjdk-8-8u121-b13/src/hotspot/src/share/vm/prims/jni.cpp, line 709]
Event: 11.577 Thread 0x00007f0f1c00a000 Implicit null exception at 0x00007f0f0d60e8ef to 0x00007f0f0d60ee41
Event: 11.671 Thread 0x00007f0f1c00a000 Implicit null exception at 0x00007f0f0ce2695d to 0x00007f0f0ce27165
Event: 13.870 Thread 0x00007f0f1c399800 Implicit null exception at 0x00007f0f0d1d0f20 to 0x00007f0f0d1d1741
Event: 13.870 Thread 0x00007f0f1c399000 Implicit null exception at 0x00007f0f0d1d0f20 to 0x00007f0f0d1d1741

Events (10 events):
Event: 15.094 Thread 0x00007f0f1c00a000 Uncommon trap: trap_request=0xffffff65 fr.pc=0x00007f0f0d3b2dd4
Event: 15.094 Thread 0x00007f0f1c00a000 DEOPT PACKING pc=0x00007f0f0d3b2dd4 sp=0x00007f0f232b91f0
Event: 15.094 Thread 0x00007f0f1c00a000 DEOPT UNPACKING pc=0x00007f0f0cbe9f69 sp=0x00007f0f232b9188 mode 2
Event: 15.380 Thread 0x00007f0f1c00a000 Uncommon trap: trap_request=0xffffff65 fr.pc=0x00007f0f0dc514bc
Event: 15.380 Thread 0x00007f0f1c00a000 DEOPT PACKING pc=0x00007f0f0dc514bc sp=0x00007f0f232b9330
Event: 15.380 Thread 0x00007f0f1c00a000 DEOPT UNPACKING pc=0x00007f0f0cbe9f69 sp=0x00007f0f232b92a0 mode 2
Event: 15.424 Thread 0x00007f0f1c00a000 Uncommon trap: trap_request=0xffffff65 fr.pc=0x00007f0f0dc76234
Event: 15.424 Thread 0x00007f0f1c00a000 DEOPT PACKING pc=0x00007f0f0dc76234 sp=0x00007f0f232b9340
Event: 15.424 Thread 0x00007f0f1c00a000 DEOPT UNPACKING pc=0x00007f0f0cbe9f69 sp=0x00007f0f232b92a8 mode 2
Event: 15.549 Executing VM operation: ParallelGCFailedAllocation


Dynamic libraries:
00400000-00401000 r-xp 00000000 08:08 286755                             /usr/lib/jvm/java-8-openjdk-amd64/jre/bin/java
00600000-00601000 r--p 00000000 08:08 286755                             /usr/lib/jvm/java-8-openjdk-amd64/jre/bin/java
00601000-00602000 rw-p 00001000 08:08 286755                             /usr/lib/jvm/java-8-openjdk-amd64/jre/bin/java
0068e000-006af000 rw-p 00000000 00:00 0                                  [heap]
84a00000-88480000 rw-p 00000000 00:00 0 
88480000-d6e00000 ---p 00000000 00:00 0 
d6e00000-e4300000 rw-p 00000000 00:00 0 
e8d80000-100000000 ---p 00000000 00:00 0 
100000000-10034c000 rw-p 00000000 00:00 0 
10034c000-140000000 ---p 00000000 00:00 0 
7f0e9c000000-7f0e9c021000 rw-p 00000000 00:00 0 
7f0e9c021000-7f0ea0000000 ---p 00000000 00:00 0 
7f0ea4000000-7f0ea4021000 rw-p 00000000 00:00 0 
7f0ea4021000-7f0ea8000000 ---p 00000000 00:00 0 
7f0ea8000000-7f0ea8021000 rw-p 00000000 00:00 0 
7f0ea8021000-7f0eac000000 ---p 00000000 00:00 0 
7f0eac000000-7f0eac021000 rw-p 00000000 00:00 0 
7f0eac021000-7f0eb0000000 ---p 00000000 00:00 0 
7f0eb0000000-7f0eb0021000 rw-p 00000000 00:00 0 
7f0eb0021000-7f0eb4000000 ---p 00000000 00:00 0 
7f0eb4000000-7f0eb4021000 rw-p 00000000 00:00 0 
7f0eb4021000-7f0eb8000000 ---p 00000000 00:00 0 
7f0eb8000000-7f0eb8021000 rw-p 00000000 00:00 0 
7f0eb8021000-7f0ebc000000 ---p 00000000 00:00 0 
7f0ebc000000-7f0ebdb97000 rw-p 00000000 00:00 0 
7f0ebdb97000-7f0ec0000000 ---p 00000000 00:00 0 
7f0ec0000000-7f0ec092b000 rw-p 00000000 00:00 0 
7f0ec092b000-7f0ec4000000 ---p 00000000 00:00 0 
7f0ec4000000-7f0ec5bdc000 rw-p 00000000 00:00 0 
7f0ec5bdc000-7f0ec8000000 ---p 00000000 00:00 0 
7f0ec8000000-7f0ec9834000 rw-p 00000000 00:00 0 
7f0ec9834000-7f0ecc000000 ---p 00000000 00:00 0 
7f0ecc000000-7f0ecc021000 rw-p 00000000 00:00 0 
7f0ecc021000-7f0ed0000000 ---p 00000000 00:00 0 
7f0ed0000000-7f0ed0021000 rw-p 00000000 00:00 0 
7f0ed0021000-7f0ed4000000 ---p 00000000 00:00 0 
7f0ed4000000-7f0ed4021000 rw-p 00000000 00:00 0 
7f0ed4021000-7f0ed8000000 ---p 00000000 00:00 0 
7f0ed8000000-7f0ed8021000 rw-p 00000000 00:00 0 
7f0ed8021000-7f0edc000000 ---p 00000000 00:00 0 
7f0edc000000-7f0edc021000 rw-p 00000000 00:00 0 
7f0edc021000-7f0ee0000000 ---p 00000000 00:00 0 
7f0ee0000000-7f0ee0021000 rw-p 00000000 00:00 0 
7f0ee0021000-7f0ee4000000 ---p 00000000 00:00 0 
7f0ee4000000-7f0ee4021000 rw-p 00000000 00:00 0 
7f0ee4021000-7f0ee8000000 ---p 00000000 00:00 0 
7f0eec000000-7f0eec021000 rw-p 00000000 00:00 0 
7f0eec021000-7f0ef0000000 ---p 00000000 00:00 0 
7f0ef25cf000-7f0ef25d2000 ---p 00000000 00:00 0 
7f0ef25d2000-7f0ef26d0000 rw-p 00000000 00:00 0 
7f0ef26d0000-7f0ef26d3000 ---p 00000000 00:00 0 
7f0ef26d3000-7f0ef27d1000 rw-p 00000000 00:00 0 
7f0ef27d1000-7f0ef27d4000 ---p 00000000 00:00 0 
7f0ef27d4000-7f0ef28d2000 rw-p 00000000 00:00 0 
7f0ef28d2000-7f0ef28d5000 ---p 00000000 00:00 0 
7f0ef28d5000-7f0ef29d3000 rw-p 00000000 00:00 0 
7f0ef29d3000-7f0ef29d6000 ---p 00000000 00:00 0 
7f0ef29d6000-7f0ef2cd4000 rw-p 00000000 00:00 0 
7f0ef2cd4000-7f0ef2ed4000 rw-p 00000000 00:00 0 
7f0ef2ed4000-7f0ef30d4000 rw-p 00000000 00:00 0 
7f0ef30d4000-7f0ef32d4000 rw-p 00000000 00:00 0 
7f0ef32d4000-7f0ef34d4000 rw-p 00000000 00:00 0 
7f0ef34d4000-7f0ef34e5000 r-xp 00000000 08:08 424554                     /usr/lib/jvm/java-8-openjdk-amd64/jre/lib/amd64/libnio.so
7f0ef34e5000-7f0ef36e5000 ---p 00011000 08:08 424554                     /usr/lib/jvm/java-8-openjdk-amd64/jre/lib/amd64/libnio.so
7f0ef36e5000-7f0ef36e6000 r--p 00011000 08:08 424554                     /usr/lib/jvm/java-8-openjdk-amd64/jre/lib/amd64/libnio.so
7f0ef36e6000-7f0ef36e7000 rw-p 00012000 08:08 424554                     /usr/lib/jvm/java-8-openjdk-amd64/jre/lib/amd64/libnio.so
7f0ef36e7000-7f0ef39e8000 rw-p 00000000 00:00 0 
7f0ef39e8000-7f0ef39ff000 r-xp 00000000 08:08 424538                     /usr/lib/jvm/java-8-openjdk-amd64/jre/lib/amd64/libnet.so
7f0ef39ff000-7f0ef3bfe000 ---p 00017000 08:08 424538                     /usr/lib/jvm/java-8-openjdk-amd64/jre/lib/amd64/libnet.so
7f0ef3bfe000-7f0ef3bff000 r--p 00016000 08:08 424538                     /usr/lib/jvm/java-8-openjdk-amd64/jre/lib/amd64/libnet.so
7f0ef3bff000-7f0ef3c00000 rw-p 00017000 08:08 424538                     /usr/lib/jvm/java-8-openjdk-amd64/jre/lib/amd64/libnet.so
7f0ef3c00000-7f0ef3e00000 rw-p 00000000 00:00 0 
7f0ef3e00000-7f0ef4000000 rw-p 00000000 00:00 0 
7f0ef4000000-7f0ef4021000 rw-p 00000000 00:00 0 
7f0ef4021000-7f0ef8000000 ---p 00000000 00:00 0 
7f0ef8000000-7f0ef8021000 rw-p 00000000 00:00 0 
7f0ef8021000-7f0efc000000 ---p 00000000 00:00 0 
7f0efc000000-7f0efc021000 rw-p 00000000 00:00 0 
7f0efc021000-7f0f00000000 ---p 00000000 00:00 0 
7f0f0000f000-7f0f00016000 r--s 00039000 08:09 1066343                    /home/rajatar08/.m2/repository/com/amazonaws/aws-java-sdk-kms/1.9.40/aws-java-sdk-kms-1.9.40.jar
7f0f00016000-7f0f00022000 r--s 0007e000 08:09 1066341                    /home/rajatar08/.m2/repository/com/amazonaws/aws-java-sdk-s3/1.9.40/aws-java-sdk-s3-1.9.40.jar
7f0f00022000-7f0f00030000 r--s 0009f000 08:09 1066340                    /home/rajatar08/.m2/repository/com/amazonaws/aws-java-sdk-dynamodb/1.9.40/aws-java-sdk-dynamodb-1.9.40.jar
7f0f00030000-7f0f00032000 r--s 00000000 08:09 1066337                    /home/rajatar08/.m2/repository/com/amazonaws/aws-lambda-java-log4j/1.0.0/aws-lambda-java-log4j-1.0.0.jar
7f0f00032000-7f0f00033000 r--s 0002a000 08:09 1066336                    /home/rajatar08/.m2/repository/org/apache/directory/studio/org.apache.commons.io/2.4/org.apache.commons.io-2.4.jar
7f0f00033000-7f0f00036000 r--s 00014000 08:09 1066327                    /home/rajatar08/.m2/repository/org/eclipse/jetty/jetty-security/9.0.6.v20130930/jetty-security-9.0.6.v20130930.jar
7f0f00036000-7f0f00038000 r--s 00018000 08:09 1066326                    /home/rajatar08/.m2/repository/org/eclipse/jetty/jetty-servlet/9.0.6.v20130930/jetty-servlet-9.0.6.v20130930.jar
7f0f00038000-7f0f0003b000 r--s 00013000 08:09 1066324                    /home/rajatar08/.m2/repository/org/eclipse/jetty/jetty-io/9.0.6.v20130930/jetty-io-9.0.6.v20130930.jar
7f0f0003b000-7f0f00040000 r--s 0004e000 08:09 1066321                    /home/rajatar08/.m2/repository/org/eclipse/jetty/jetty-util/9.0.6.v20130930/jetty-util-9.0.6.v20130930.jar
7f0f00040000-7f0f00042000 r--s 00018000 08:09 1066320                    /home/rajatar08/.m2/repository/org/eclipse/jetty/jetty-http/9.0.6.v20130930/jetty-http-9.0.6.v20130930.jar
7f0f00042000-7f0f00047000 r--s 00054000 08:09 931873                     /home/rajatar08/.m2/repository/org/eclipse/jetty/jetty-server/9.0.6.v20130930/jetty-server-9.0.6.v20130930.jar
7f0f00047000-7f0f00050000 r--s 0006f000 08:09 3286566                    /home/rajatar08/.m2/repository/log4j/log4j/1.2.17/log4j-1.2.17.jar
7f0f00050000-7f0f00250000 rw-p 00000000 00:00 0 
7f0f00250000-7f0f04000000 rw-p 00000000 00:00 0 
7f0f04000000-7f0f04021000 rw-p 00000000 00:00 0 
7f0f04021000-7f0f08000000 ---p 00000000 00:00 0 
7f0f08000000-7f0f08003000 r--s 0002e000 08:09 1066317                    /home/rajatar08/.m2/repository/org/eclipse/jetty/orbit/javax.servlet/3.0.0.v201112011016/javax.servlet-3.0.0.v201112011016.jar
7f0f08003000-7f0f08005000 r--s 00001000 08:09 1066332                    /home/rajatar08/.m2/repository/org/slf4j/slf4j-log4j12/1.7.10/slf4j-log4j12-1.7.10.jar
7f0f08005000-7f0f08006000 r--s 00007000 08:09 1066329                    /home/rajatar08/.m2/repository/org/slf4j/slf4j-api/1.7.10/slf4j-api-1.7.10.jar
7f0f08006000-7f0f08008000 r--s 00000000 08:09 3286565                    /home/rajatar08/.m2/repository/com/amazonaws/aws-lambda-java-core/1.0.0/aws-lambda-java-core-1.0.0.jar
7f0f08008000-7f0f08019000 r--s 0008a000 08:09 1199334                    /home/rajatar08/.m2/repository/joda-time/joda-time/2.9.7/joda-time-2.9.7.jar
7f0f08019000-7f0f0801d000 r--s 0002a000 08:09 3286561                    /home/rajatar08/.m2/repository/commons-io/commons-io/2.4/commons-io-2.4.jar
7f0f0801d000-7f0f08023000 r--s 00033000 08:09 3286558                    /home/rajatar08/.m2/repository/commons-codec/commons-codec/1.6/commons-codec-1.6.jar
7f0f08023000-7f0f0802a000 r--s 0005e000 08:09 1066333                    /home/rajatar08/.m2/repository/org/apache/commons/commons-lang3/3.3.2/commons-lang3-3.3.2.jar
7f0f0802a000-7f0f0803b000 r--s 000cf000 08:09 3286554                    /home/rajatar08/.m2/repository/com/fasterxml/jackson/core/jackson-databind/2.3.2/jackson-databind-2.3.2.jar
7f0f0803b000-7f0f0803e000 r--s 0002e000 08:09 3286552                    /home/rajatar08/.m2/repository/com/fasterxml/jackson/core/jackson-core/2.3.2/jackson-core-2.3.2.jar
7f0f0803e000-7f0f08040000 r--s 00007000 08:09 3286550                    /home/rajatar08/.m2/repository/com/fasterxml/jackson/core/jackson-annotations/2.3.2/jackson-annotations-2.3.2.jar
7f0f08040000-7f0f08043000 r--s 00012000 08:09 3286548                    /home/rajatar08/.m2/repository/javax/servlet/javax.servlet-api/3.0.1/javax.servlet-api-3.0.1.jar
7f0f08043000-7f0f08049000 r--s 0001e000 08:09 931871                     /home/rajatar08/.m2/repository/com/amazon/alexa/alexa-skills-kit/1.2/alexa-skills-kit-1.2.jar
7f0f08049000-7f0f0804a000 r--s 00005000 08:09 3287916                    /home/rajatar08/.m2/repository/org/apache/maven/shared/maven-repository-builder/1.0-alpha-2/maven-repository-builder-1.0-alpha-2.jar
7f0f0804a000-7f0f0804e000 r--s 00037000 08:09 3287914                    /home/rajatar08/.m2/repository/org/codehaus/plexus/plexus-utils/3.0.15/plexus-utils-3.0.15.jar
7f0f0804e000-7f0f08051000 r--s 0000c000 08:09 3287913                    /home/rajatar08/.m2/repository/org/codehaus/plexus/plexus-io/2.0.9/plexus-io-2.0.9.jar
7f0f08051000-7f0f08054000 r--s 00023000 08:09 3287912                    /home/rajatar08/.m2/repository/org/apache/maven/shared/maven-shared-utils/0.3/maven-shared-utils-0.3.jar
7f0f08054000-7f0f08056000 r--s 00009000 08:09 3287909                    /home/rajatar08/.m2/repository/org/apache/maven/shared/maven-filtering/1.2/maven-filtering-1.2.jar
7f0f08056000-7f0f08058000 r--s 00008000 08:09 3287904                    /home/rajatar08/.m2/repository/org/apache/maven/shared/maven-shared-io/1.1/maven-shared-io-1.1.jar
7f0f08058000-7f0f0805a000 r--s 00006000 08:09 3287903                    /home/rajatar08/.m2/repository/org/apache/maven/shared/file-management/1.1/file-management-1.1.jar
7f0f0805a000-7f0f0805e000 r--s 00014000 08:09 3287902                    /home/rajatar08/.m2/repository/org/tukaani/xz/1.2/xz-1.2.jar
7f0f0805e000-7f0f08063000 r--s 0003a000 08:09 3287898                    /home/rajatar08/.m2/repository/org/apache/commons/commons-compress/1.5/commons-compress-1.5.jar
7f0f08063000-7f0f08068000 r--s 00024000 08:09 3287897                    /home/rajatar08/.m2/repository/org/codehaus/plexus/plexus-archiver/2.4.4/plexus-archiver-2.4.4.jar
7f0f08068000-7f0f0806b000 r--s 0000d000 08:09 3287896                    /home/rajatar08/.m2/repository/org/codehaus/plexus/plexus-interpolation/1.19/plexus-interpolation-1.19.jar
7f0f0806b000-7f0f0806d000 r--s 00006000 08:09 3287892                    /home/rajatar08/.m2/repository/org/apache/maven/shared/maven-common-artifact-filters/1.4/maven-common-artifact-filters-1.4.jar
7f0f0806d000-7f0f0806f000 r--s 00009000 08:09 3287873                    /home/rajatar08/.m2/repository/commons-cli/commons-cli/1.2/commons-cli-1.2.jar
7f0f0806f000-7f0f08070000 r--s 00002000 08:09 3287862                    /home/rajatar08/.m2/repository/org/apache/maven/doxia/doxia-logging-api/1.1/doxia-logging-api-1.1.jar
7f0f08070000-7f0f08072000 r--s 00002000 08:09 3287857                    /home/rajatar08/.m2/repository/org/apache/maven/doxia/doxia-sink-api/1.1/doxia-sink-api-1.1.jar
7f0f08072000-7f0f08073000 r--s 00002000 08:09 3287859                    /home/rajatar08/.m2/repository/org/apache/maven/reporting/maven-reporting-api/2.2.1/maven-reporting-api-2.2.1.jar
7f0f08073000-7f0f08077000 r--s 00031000 08:09 3286435                    /home/rajatar08/.m2/repository/org/apache/maven/plugins/maven-assembly-plugin/2.4.1/maven-assembly-plugin-2.4.1.jar
7f0f08077000-7f0f0807b000 r--s 00034000 08:09 3287550                    /home/rajatar08/.m2/repository/org/codehaus/plexus/plexus-utils/3.0/plexus-utils-3.0.jar
7f0f0807b000-7f0f0807f000 r--s 0002f000 08:09 3287549                    /home/rajatar08/.m2/repository/commons-lang/commons-lang/2.1/commons-lang-2.1.jar
7f0f0807f000-7f0f08082000 r--s 0000c000 08:09 3287544                    /home/rajatar08/.m2/repository/org/codehaus/plexus/plexus-io/2.0.2/plexus-io-2.0.2.jar
7f0f08082000-7f0f08087000 r--s 00029000 08:09 3287543                    /home/rajatar08/.m2/repository/org/codehaus/plexus/plexus-archiver/2.1/plexus-archiver-2.1.jar
7f0f08087000-7f0f08089000 r--s 0000d000 08:09 3287540                    /home/rajatar08/.m2/repository/org/codehaus/plexus/plexus-interpolation/1.15/plexus-interpolation-1.15.jar
7f0f08089000-7f0f0808b000 r--s 00004000 08:09 3287538                    /home/rajatar08/.m2/repository/org/apache/maven/maven-archiver/2.5/maven-archiver-2.5.jar
7f0f0808b000-7f0f0808d000 r--s 00007000 08:09 3286356                    /home/rajatar08/.m2/repository/org/apache/maven/plugins/maven-jar-plugin/2.4/maven-jar-plugin-2.4.jar
7f0f0808d000-7f0f0808e000 r--s 00003000 08:09 3287490                    /home/rajatar08/.m2/repository/org/apache/maven/plugin-tools/maven-plugin-annotations/3.2/maven-plugin-annotations-3.2.jar
7f0f0808e000-7f0f08092000 r--s 00020000 08:09 3287485                    /home/rajatar08/.m2/repository/org/apache/maven/surefire/surefire-api/2.17/surefire-api-2.17.jar
7f0f08092000-7f0f08098000 r--s 00048000 08:09 3287483                    /home/rajatar08/.m2/repository/org/apache/commons/commons-lang3/3.1/commons-lang3-3.1.jar
7f0f08098000-7f0f08099000 r--s 00002000 08:09 3287481                    /home/rajatar08/.m2/repository/org/apache/maven/reporting/maven-reporting-api/2.0.9/maven-reporting-api-2.0.9.jar
7f0f08099000-7f0f0809d000 r--s 00030000 08:09 3287192                    /home/rajatar08/.m2/repository/org/codehaus/plexus/plexus-utils/1.5.1/plexus-utils-1.5.1.jar
7f0f0809d000-7f0f0809f000 r--s 00008000 08:09 3287479                    /home/rajatar08/.m2/repository/org/apache/maven/surefire/surefire-booter/2.17/surefire-booter-2.17.jar
7f0f0809f000-7f0f080a4000 r--s 0003c000 08:09 3287478                    /home/rajatar08/.m2/repository/org/apache/maven/surefire/maven-surefire-common/2.17/maven-surefire-common-2.17.jar
7f0f080a4000-7f0f080a6000 r--s 00007000 08:09 3286388                    /home/rajatar08/.m2/repository/org/apache/maven/plugins/maven-surefire-plugin/2.17/maven-surefire-plugin-2.17.jar
7f0f080a6000-7f0f0811f000 r--s 010fd000 08:08 1448425                    /usr/lib/jvm/java-8-openjdk-amd64/lib/tools.jar
7f0f0811f000-7f0f08122000 r--s 0001b000 08:09 3287247                    /home/rajatar08/.m2/repository/junit/junit/3.8.2/junit-3.8.2.jar
7f0f08122000-7f0f08130000 r--s 0008f000 08:09 3287244                    /home/rajatar08/.m2/repository/com/google/collections/google-collections/1.0/google-collections-1.0.jar
7f0f08130000-7f0f08131000 r--s 0000a000 08:09 3287243                    /home/rajatar08/.m2/repository/commons-logging/commons-logging-api/1.1/commons-logging-api-1.1.jar
7f0f08131000-7f0f08138000 r--s 00051000 08:09 3287240                    /home/rajatar08/.m2/repository/log4j/log4j/1.2.12/log4j-1.2.12.jar
7f0f08138000-7f0f0813c000 r--s 0001d000 08:09 3287239                    /home/rajatar08/.m2/repository/org/apache/xbean/xbean-reflect/3.4/xbean-reflect-3.4.jar
7f0f0813c000-7f0f0813d000 r--s 00004000 08:09 1199376                    /home/rajatar08/.m2/repository/org/codehaus/plexus/plexus-compiler-javac/2.5/plexus-compiler-javac-2.5.jar
7f0f0813d000-7f0f0813f000 r--s 00000000 08:09 1199375                    /home/rajatar08/.m2/repository/org/codehaus/plexus/plexus-compiler-manager/2.5/plexus-compiler-manager-2.5.jar
7f0f0813f000-7f0f08141000 r--s 00005000 08:09 1199372                    /home/rajatar08/.m2/repository/org/codehaus/plexus/plexus-compiler-api/2.5/plexus-compiler-api-2.5.jar
7f0f08141000-7f0f08143000 r--s 00000000 08:09 3287226                    /home/rajatar08/.m2/repository/org/codehaus/plexus/plexus-component-annotations/1.5.5/plexus-component-annotations-1.5.5.jar
7f0f08143000-7f0f08145000 r--s 00002000 08:09 3287225                    /home/rajatar08/.m2/repository/org/apache/maven/shared/maven-shared-incremental/1.1/maven-shared-incremental-1.1.jar
7f0f08145000-7f0f08147000 r--s 00006000 08:09 3287224                    /home/rajatar08/.m2/repository/com/google/code/findbugs/jsr305/2.0.1/jsr305-2.0.1.jar
7f0f08147000-7f0f0814b000 r--s 00026000 08:09 1199369                    /home/rajatar08/.m2/repository/org/apache/maven/shared/maven-shared-utils/0.7/maven-shared-utils-0.7.jar
7f0f0814b000-7f0f0814d000 r--s 00002000 08:09 3287883                    /home/rajatar08/.m2/repository/org/sonatype/plexus/plexus-cipher/1.4/plexus-cipher-1.4.jar
7f0f0814d000-7f0f0814e000 r--s 00006000 08:09 3287882                    /home/rajatar08/.m2/repository/org/sonatype/plexus/plexus-sec-dispatcher/1.3/plexus-sec-dispatcher-1.3.jar
7f0f0814e000-7f0f08156000 r--s 00049000 08:09 3287876                    /home/rajatar08/.m2/repository/backport-util-concurrent/backport-util-concurrent/3.1/backport-util-concurrent-3.1.jar
7f0f08156000-7f0f08158000 r--s 00003000 08:09 3287851                    /home/rajatar08/.m2/repository/org/slf4j/jcl-over-slf4j/1.5.6/jcl-over-slf4j-1.5.6.jar
7f0f08158000-7f0f0815a000 r--s 00001000 08:09 3287852                    /home/rajatar08/.m2/repository/org/slf4j/slf4j-jdk14/1.5.6/slf4j-jdk14-1.5.6.jar
7f0f0815a000-7f0f0815c000 r--s 0000b000 08:09 3287925                    /home/rajatar08/.m2/repository/org/codehaus/plexus/plexus-interpolation/1.11/plexus-interpolation-1.11.jar
7f0f0815c000-7f0f08160000 r--s 00034000 08:09 3287923                    /home/rajatar08/.m2/repository/org/codehaus/plexus/plexus-utils/1.5.15/plexus-utils-1.5.15.jar
7f0f08160000-7f0f08162000 r--s 0000a000 08:09 931832                     /home/rajatar08/.m2/repository/org/apache/maven/plugins/maven-compiler-plugin/3.3/maven-compiler-plugin-3.3.jar
7f0f08162000-7f0f08164000 r--s 0000d000 08:09 3286854                    /home/rajatar08/.m2/repository/org/codehaus/plexus/plexus-interpolation/1.13/plexus-interpolation-1.13.jar
7f0f08164000-7f0f08165000 r--s 00001000 08:09 3286852                    /home/rajatar08/.m2/repository/org/sonatype/plexus/plexus-build-api/0.0.4/plexus-build-api-0.0.4.jar
7f0f08165000-7f0f08167000 r--s 00009000 08:09 3286853                    /home/rajatar08/.m2/repository/org/apache/maven/shared/maven-filtering/1.1/maven-filtering-1.1.jar
7f0f08167000-7f0f0816b000 r--s 00033000 08:09 3286850                    /home/rajatar08/.m2/repository/org/codehaus/plexus/plexus-utils/2.0.5/plexus-utils-2.0.5.jar
7f0f0816b000-7f0f0816e000 r--s 0001b000 08:09 3286847                    /home/rajatar08/.m2/repository/junit/junit/3.8.1/junit-3.8.1.jar
7f0f0816e000-7f0f08170000 r--s 00002000 08:09 3286832                    /home/rajatar08/.m2/repository/org/codehaus/plexus/plexus-interactivity-api/1.0-alpha-4/plexus-interactivity-api-1.0-alpha-4.jar
7f0f08170000-7f0f08172000 r--s 00006000 08:09 3286828                    /home/rajatar08/.m2/repository/commons-cli/commons-cli/1.0/commons-cli-1.0.jar
7f0f08172000-7f0f08173000 r--s 00001000 08:09 3286823                    /home/rajatar08/.m2/repository/org/apache/maven/doxia/doxia-sink-api/1.0-alpha-7/doxia-sink-api-1.0-alpha-7.jar
7f0f08173000-7f0f08174000 r--s 00002000 08:09 3286811                    /home/rajatar08/.m2/repository/org/apache/maven/reporting/maven-reporting-api/2.0.6/maven-reporting-api-2.0.6.jar
7f0f08174000-7f0f08176000 r--s 00006000 08:09 3286349                    /home/rajatar08/.m2/repository/org/apache/maven/plugins/maven-resources-plugin/2.6/maven-resources-plugin-2.6.jar
7f0f08176000-7f0f0817a000 r--s 0009a000 08:08 286638                     /usr/lib/jvm/java-8-openjdk-amd64/jre/lib/jsse.jar
7f0f0817a000-7f0f081ab000 r--s 00207000 08:08 8993                       /usr/share/java/wagon-http-shaded-2.x.jar
7f0f081ab000-7f0f081ac000 r--s 00001000 08:08 8989                       /usr/share/java/wagon-file-2.x.jar
7f0f081ac000-7f0f081ae000 r--s 00000000 08:08 8968                       /usr/share/java/plexus-component-annotations-1.5.jar
7f0f081ae000-7f0f081da000 r--s 00208000 08:08 8695                       /usr/share/java/guava.jar
7f0f081da000-7f0f081db000 r--s 00006000 08:08 9010                       /usr/share/java/maven3-repository-metadata-3.3.9.jar
7f0f081db000-7f0f081e2000 r--s 0002c000 08:08 8987                       /usr/share/java/sisu-plexus.jar
7f0f081e2000-7f0f081e7000 r--s 00040000 08:08 8496                       /usr/share/java/commons-lang-2.6.jar
7f0f081e7000-7f0f081eb000 r--s 00027000 08:08 8761                       /usr/share/java/eclipse-aether-impl.jar
7f0f081eb000-7f0f081ef000 r--s 00020000 08:08 8769                       /usr/share/java/eclipse-aether-util.jar
7f0f081ef000-7f0f081f0000 r--s 00006000 08:08 8920                       /usr/share/java/plexus-sec-dispatcher.jar
7f0f081f0000-7f0f081f2000 r--s 00002000 08:08 8918                       /usr/share/java/plexus-cipher.jar
7f0f081f2000-7f0f081f6000 r--s 00038000 08:08 8964                       /usr/share/java/plexus-utils2.jar
7f0f081f6000-7f0f081fe000 r--s 00054000 08:08 8985                       /usr/share/java/sisu-inject.jar
7f0f081fe000-7f0f08204000 r--s 00048000 08:08 8681                       /usr/share/java/jsoup.jar
7f0f08204000-7f0f08211000 r--s 0008d000 08:08 9009                       /usr/share/java/maven3-core-3.3.9.jar
7f0f08211000-7f0f08212000 r--s 00000000 08:08 8356                       /usr/share/java/geronimo-interceptor-3.0-spec-1.0.1.jar
7f0f08212000-7f0f08214000 r--s 00012000 08:08 8358                       /usr/share/java/el-api-3.0.jar
7f0f08214000-7f0f08215000 r--s 00000000 08:08 8351                       /usr/share/java/atinject-jsr330-api-1.0.jar
7f0f08215000-7f0f08218000 r--s 00008000 08:08 8362                       /usr/share/java/cdi-api-1.0.jar
7f0f08218000-7f0f08219000 r--s 00001000 08:08 8996                       /usr/share/java/wagon-http-shared-2.x.jar
7f0f08219000-7f0f0821b000 r--s 0000e000 08:08 8635                       /usr/share/java/plexus-interpolation.jar
7f0f0821b000-7f0f0821c000 r--s 00002000 08:08 8653                       /usr/share/java/slf4j-simple.jar
7f0f0821c000-7f0f0821e000 r--s 00001000 08:08 8786                       /usr/share/java/aopalliance-1.0.jar
7f0f0821e000-7f0f08223000 r--s 00025000 08:08 9011                       /usr/share/java/maven3-model-builder-3.3.9.jar
7f0f08223000-7f0f08228000 r--s 0001d000 08:08 8768                       /usr/share/java/eclipse-aether-api.jar
7f0f08228000-7f0f08229000 r--s 00004000 08:08 8350                       /usr/share/java/atinject-jsr330-tck-1.0.jar
7f0f08229000-7f0f0822b000 r--s 00027000 08:08 9013                       /usr/share/java/maven3-model-3.3.9.jar
7f0f0822b000-7f0f0822e000 r--s 00007000 08:08 9015                       /usr/share/java/maven3-settings-builder-3.3.9.jar
7f0f0822e000-7f0f08231000 r--s 0000a000 08:08 9017                       /usr/share/java/maven3-artifact-3.3.9.jar
7f0f08231000-7f0f08233000 r--s 0000a000 08:08 8990                       /usr/share/java/wagon-provider-api-2.x.jar
7f0f08233000-7f0f08241000 r--s 00095000 08:08 8793                       /usr/share/java/guice.jar
7f0f08241000-7f0f08248000 r--s 00041000 08:08 9008                       /usr/share/java/maven3-compat-3.3.9.jar
7f0f08248000-7f0f08249000 r--s 00008000 08:08 8764                       /usr/share/java/eclipse-aether-connector-basic.jar
7f0f08249000-7f0f0824b000 r--s 0000a000 08:08 9007                       /usr/share/java/maven3-plugin-api-3.3.9.jar
7f0f0824b000-7f0f0824d000 r--s 0000d000 08:08 9014                       /usr/share/java/maven3-aether-provider-3.3.9.jar
7f0f0824d000-7f0f0824f000 r--s 00001000 08:08 9016                       /usr/share/java/maven3-builder-support-3.3.9.jar
7f0f0824f000-7f0f08251000 r--s 00013000 08:08 9012                       /usr/share/java/maven3-embedder-3.3.9.jar
7f0f08251000-7f0f08255000 r--s 00027000 08:08 8486                       /usr/share/java/commons-io-2.4.jar
7f0f08255000-7f0f08270000 r--s 001d6000 08:08 662493                     /usr/lib/jvm/java-8-openjdk-amd64/jre/lib/ext/nashorn.jar
7f0f08270000-7f0f0828b000 r--s 00394000 08:08 662496                     /usr/lib/jvm/java-8-openjdk-amd64/jre/lib/ext/cldrdata.jar
7f0f0828b000-7f0f0828c000 ---p 00000000 00:00 0 
7f0f0828c000-7f0f0838c000 rw-p 00000000 00:00 0 
7f0f0838c000-7f0f0838f000 ---p 00000000 00:00 0 
7f0f0838f000-7f0f0848d000 rw-p 00000000 00:00 0 
7f0f0848d000-7f0f08490000 ---p 00000000 00:00 0 
7f0f08490000-7f0f0858e000 rw-p 00000000 00:00 0 
7f0f0858e000-7f0f08591000 ---p 00000000 00:00 0 
7f0f08591000-7f0f0868f000 rw-p 00000000 00:00 0 
7f0f0868f000-7f0f08692000 ---p 00000000 00:00 0 
7f0f08692000-7f0f08790000 rw-p 00000000 00:00 0 
7f0f08790000-7f0f08793000 ---p 00000000 00:00 0 
7f0f08793000-7f0f08891000 rw-p 00000000 00:00 0 
7f0f08891000-7f0f08894000 ---p 00000000 00:00 0 
7f0f08894000-7f0f08992000 rw-p 00000000 00:00 0 
7f0f08992000-7f0f08c6a000 r--p 00000000 08:08 1044937                    /usr/lib/locale/locale-archive
7f0f08c6a000-7f0f08c6d000 ---p 00000000 00:00 0 
7f0f08c6d000-7f0f08d6b000 rw-p 00000000 00:00 0 
7f0f08d6b000-7f0f08d6e000 ---p 00000000 00:00 0 
7f0f08d6e000-7f0f08e6c000 rw-p 00000000 00:00 0 
7f0f08e6c000-7f0f08e6d000 ---p 00000000 00:00 0 
7f0f08e6d000-7f0f0ab90000 rw-p 00000000 00:00 0 
7f0f0ab90000-7f0f0ad5e000 r--s 03c06000 08:08 286748                     /usr/lib/jvm/java-8-openjdk-amd64/jre/lib/rt.jar
7f0f0ad5e000-7f0f0b9af000 rw-p 00000000 00:00 0 
7f0f0b9af000-7f0f0b9b0000 ---p 00000000 00:00 0 
7f0f0b9b0000-7f0f0bab0000 rw-p 00000000 00:00 0 
7f0f0bab0000-7f0f0bab1000 ---p 00000000 00:00 0 
7f0f0bab1000-7f0f0bbb1000 rw-p 00000000 00:00 0 
7f0f0bbb1000-7f0f0bbb2000 ---p 00000000 00:00 0 
7f0f0bbb2000-7f0f0bcb2000 rw-p 00000000 00:00 0 
7f0f0bcb2000-7f0f0bcb3000 ---p 00000000 00:00 0 
7f0f0bcb3000-7f0f0bdb3000 rw-p 00000000 00:00 0 
7f0f0bdb3000-7f0f0bdb4000 ---p 00000000 00:00 0 
7f0f0bdb4000-7f0f0beb4000 rw-p 00000000 00:00 0 
7f0f0beb4000-7f0f0beb5000 ---p 00000000 00:00 0 
7f0f0beb5000-7f0f0bfb5000 rw-p 00000000 00:00 0 
7f0f0bfb5000-7f0f0bfb6000 ---p 00000000 00:00 0 
7f0f0bfb6000-7f0f0c0b6000 rw-p 00000000 00:00 0 
7f0f0c0b6000-7f0f0c0b7000 ---p 00000000 00:00 0 
7f0f0c0b7000-7f0f0c1d5000 rw-p 00000000 00:00 0 
7f0f0c1d5000-7f0f0c449000 ---p 00000000 00:00 0 
7f0f0c449000-7f0f0c467000 rw-p 00000000 00:00 0 
7f0f0c467000-7f0f0c6db000 ---p 00000000 00:00 0 
7f0f0c6db000-7f0f0c746000 rw-p 00000000 00:00 0 
7f0f0c746000-7f0f0c824000 ---p 00000000 00:00 0 
7f0f0c824000-7f0f0c868000 rw-p 00000000 00:00 0 
7f0f0c868000-7f0f0cbe5000 ---p 00000000 00:00 0 
7f0f0cbe5000-7f0f0dc85000 rwxp 00000000 00:00 0 
7f0f0dc85000-7f0f1bbe5000 ---p 00000000 00:00 0 
7f0f1bbe5000-7f0f1bbed000 r-xp 00000000 08:08 424534                     /usr/lib/jvm/java-8-openjdk-amd64/jre/lib/amd64/libzip.so
7f0f1bbed000-7f0f1bdec000 ---p 00008000 08:08 424534                     /usr/lib/jvm/java-8-openjdk-amd64/jre/lib/amd64/libzip.so
7f0f1bdec000-7f0f1bded000 r--p 00007000 08:08 424534                     /usr/lib/jvm/java-8-openjdk-amd64/jre/lib/amd64/libzip.so
7f0f1bded000-7f0f1bdee000 rw-p 00008000 08:08 424534                     /usr/lib/jvm/java-8-openjdk-amd64/jre/lib/amd64/libzip.so
7f0f1bdee000-7f0f1bdf9000 r-xp 00000000 08:08 269982                     /lib/x86_64-linux-gnu/libnss_files-2.23.so
7f0f1bdf9000-7f0f1bff8000 ---p 0000b000 08:08 269982                     /lib/x86_64-linux-gnu/libnss_files-2.23.so
7f0f1bff8000-7f0f1bff9000 r--p 0000a000 08:08 269982                     /lib/x86_64-linux-gnu/libnss_files-2.23.so
7f0f1bff9000-7f0f1bffa000 rw-p 0000b000 08:08 269982                     /lib/x86_64-linux-gnu/libnss_files-2.23.so
7f0f1bffa000-7f0f1c000000 rw-p 00000000 00:00 0 
7f0f1c000000-7f0f1d26d000 rw-p 00000000 00:00 0 
7f0f1d26d000-7f0f20000000 ---p 00000000 00:00 0 
7f0f20000000-7f0f20001000 r--s 0000a000 08:08 9006                       /usr/share/java/maven3-settings-3.3.9.jar
7f0f20001000-7f0f20003000 r--s 00006000 08:08 8766                       /usr/share/java/eclipse-aether-spi.jar
7f0f20003000-7f0f20005000 r--s 00005000 08:08 8767                       /usr/share/java/eclipse-aether-transport-wagon.jar
7f0f20005000-7f0f2000c000 r--s 0005d000 08:08 8508                       /usr/share/java/commons-lang3.jar
7f0f2000c000-7f0f20059000 rw-p 00000000 00:00 0 
7f0f20059000-7f0f20064000 r-xp 00000000 08:08 269967                     /lib/x86_64-linux-gnu/libnss_nis-2.23.so
7f0f20064000-7f0f20263000 ---p 0000b000 08:08 269967                     /lib/x86_64-linux-gnu/libnss_nis-2.23.so
7f0f20263000-7f0f20264000 r--p 0000a000 08:08 269967                     /lib/x86_64-linux-gnu/libnss_nis-2.23.so
7f0f20264000-7f0f20265000 rw-p 0000b000 08:08 269967                     /lib/x86_64-linux-gnu/libnss_nis-2.23.so
7f0f20265000-7f0f2027b000 r-xp 00000000 08:08 269978                     /lib/x86_64-linux-gnu/libnsl-2.23.so
7f0f2027b000-7f0f2047a000 ---p 00016000 08:08 269978                     /lib/x86_64-linux-gnu/libnsl-2.23.so
7f0f2047a000-7f0f2047b000 r--p 00015000 08:08 269978                     /lib/x86_64-linux-gnu/libnsl-2.23.so
7f0f2047b000-7f0f2047c000 rw-p 00016000 08:08 269978                     /lib/x86_64-linux-gnu/libnsl-2.23.so
7f0f2047c000-7f0f2047e000 rw-p 00000000 00:00 0 
7f0f2047e000-7f0f20486000 r-xp 00000000 08:08 269979                     /lib/x86_64-linux-gnu/libnss_compat-2.23.so
7f0f20486000-7f0f20685000 ---p 00008000 08:08 269979                     /lib/x86_64-linux-gnu/libnss_compat-2.23.so
7f0f20685000-7f0f20686000 r--p 00007000 08:08 269979                     /lib/x86_64-linux-gnu/libnss_compat-2.23.so
7f0f20686000-7f0f20687000 rw-p 00008000 08:08 269979                     /lib/x86_64-linux-gnu/libnss_compat-2.23.so
7f0f20687000-7f0f206b4000 r-xp 00000000 08:08 424584                     /usr/lib/jvm/java-8-openjdk-amd64/jre/lib/amd64/libjava.so
7f0f206b4000-7f0f208b3000 ---p 0002d000 08:08 424584                     /usr/lib/jvm/java-8-openjdk-amd64/jre/lib/amd64/libjava.so
7f0f208b3000-7f0f208b4000 r--p 0002c000 08:08 424584                     /usr/lib/jvm/java-8-openjdk-amd64/jre/lib/amd64/libjava.so
7f0f208b4000-7f0f208b6000 rw-p 0002d000 08:08 424584                     /usr/lib/jvm/java-8-openjdk-amd64/jre/lib/amd64/libjava.so
7f0f208b6000-7f0f208c5000 r-xp 00000000 08:08 424520                     /usr/lib/jvm/java-8-openjdk-amd64/jre/lib/amd64/libverify.so
7f0f208c5000-7f0f20ac4000 ---p 0000f000 08:08 424520                     /usr/lib/jvm/java-8-openjdk-amd64/jre/lib/amd64/libverify.so
7f0f20ac4000-7f0f20ac6000 r--p 0000e000 08:08 424520                     /usr/lib/jvm/java-8-openjdk-amd64/jre/lib/amd64/libverify.so
7f0f20ac6000-7f0f20ac7000 rw-p 00010000 08:08 424520                     /usr/lib/jvm/java-8-openjdk-amd64/jre/lib/amd64/libverify.so
7f0f20ac7000-7f0f20ace000 r-xp 00000000 08:08 269966                     /lib/x86_64-linux-gnu/librt-2.23.so
7f0f20ace000-7f0f20ccd000 ---p 00007000 08:08 269966                     /lib/x86_64-linux-gnu/librt-2.23.so
7f0f20ccd000-7f0f20cce000 r--p 00006000 08:08 269966                     /lib/x86_64-linux-gnu/librt-2.23.so
7f0f20cce000-7f0f20ccf000 rw-p 00007000 08:08 269966                     /lib/x86_64-linux-gnu/librt-2.23.so
7f0f20ccf000-7f0f20ce5000 r-xp 00000000 08:08 266447                     /lib/x86_64-linux-gnu/libgcc_s.so.1
7f0f20ce5000-7f0f20ee4000 ---p 00016000 08:08 266447                     /lib/x86_64-linux-gnu/libgcc_s.so.1
7f0f20ee4000-7f0f20ee5000 rw-p 00015000 08:08 266447                     /lib/x86_64-linux-gnu/libgcc_s.so.1
7f0f20ee5000-7f0f20fed000 r-xp 00000000 08:08 269976                     /lib/x86_64-linux-gnu/libm-2.23.so
7f0f20fed000-7f0f211ec000 ---p 00108000 08:08 269976                     /lib/x86_64-linux-gnu/libm-2.23.so
7f0f211ec000-7f0f211ed000 r--p 00107000 08:08 269976                     /lib/x86_64-linux-gnu/libm-2.23.so
7f0f211ed000-7f0f211ee000 rw-p 00108000 08:08 269976                     /lib/x86_64-linux-gnu/libm-2.23.so
7f0f211ee000-7f0f21360000 r-xp 00000000 08:08 1058184                    /usr/lib/x86_64-linux-gnu/libstdc++.so.6.0.21
7f0f21360000-7f0f21560000 ---p 00172000 08:08 1058184                    /usr/lib/x86_64-linux-gnu/libstdc++.so.6.0.21
7f0f21560000-7f0f2156a000 r--p 00172000 08:08 1058184                    /usr/lib/x86_64-linux-gnu/libstdc++.so.6.0.21
7f0f2156a000-7f0f2156c000 rw-p 0017c000 08:08 1058184                    /usr/lib/x86_64-linux-gnu/libstdc++.so.6.0.21
7f0f2156c000-7f0f21570000 rw-p 00000000 00:00 0 
7f0f21570000-7f0f221c0000 r-xp 00000000 08:08 424574                     /usr/lib/jvm/java-8-openjdk-amd64/jre/lib/amd64/server/libjvm.so
7f0f221c0000-7f0f223bf000 ---p 00c50000 08:08 424574                     /usr/lib/jvm/java-8-openjdk-amd64/jre/lib/amd64/server/libjvm.so
7f0f223bf000-7f0f22452000 r--p 00c4f000 08:08 424574                     /usr/lib/jvm/java-8-openjdk-amd64/jre/lib/amd64/server/libjvm.so
7f0f22452000-7f0f2247b000 rw-p 00ce2000 08:08 424574                     /usr/lib/jvm/java-8-openjdk-amd64/jre/lib/amd64/server/libjvm.so
7f0f2247b000-7f0f224ab000 rw-p 00000000 00:00 0 
7f0f224ab000-7f0f224c3000 r-xp 00000000 08:08 269977                     /lib/x86_64-linux-gnu/libpthread-2.23.so
7f0f224c3000-7f0f226c2000 ---p 00018000 08:08 269977                     /lib/x86_64-linux-gnu/libpthread-2.23.so
7f0f226c2000-7f0f226c3000 r--p 00017000 08:08 269977                     /lib/x86_64-linux-gnu/libpthread-2.23.so
7f0f226c3000-7f0f226c4000 rw-p 00018000 08:08 269977                     /lib/x86_64-linux-gnu/libpthread-2.23.so
7f0f226c4000-7f0f226c8000 rw-p 00000000 00:00 0 
7f0f226c8000-7f0f226cb000 r-xp 00000000 08:08 269970                     /lib/x86_64-linux-gnu/libdl-2.23.so
7f0f226cb000-7f0f228ca000 ---p 00003000 08:08 269970                     /lib/x86_64-linux-gnu/libdl-2.23.so
7f0f228ca000-7f0f228cb000 r--p 00002000 08:08 269970                     /lib/x86_64-linux-gnu/libdl-2.23.so
7f0f228cb000-7f0f228cc000 rw-p 00003000 08:08 269970                     /lib/x86_64-linux-gnu/libdl-2.23.so
7f0f228cc000-7f0f228e5000 r-xp 00000000 08:08 266600                     /lib/x86_64-linux-gnu/libz.so.1.2.8
7f0f228e5000-7f0f22ae4000 ---p 00019000 08:08 266600                     /lib/x86_64-linux-gnu/libz.so.1.2.8
7f0f22ae4000-7f0f22ae5000 r--p 00018000 08:08 266600                     /lib/x86_64-linux-gnu/libz.so.1.2.8
7f0f22ae5000-7f0f22ae6000 rw-p 00019000 08:08 266600                     /lib/x86_64-linux-gnu/libz.so.1.2.8
7f0f22ae6000-7f0f22ca5000 r-xp 00000000 08:08 269971                     /lib/x86_64-linux-gnu/libc-2.23.so
7f0f22ca5000-7f0f22ea5000 ---p 001bf000 08:08 269971                     /lib/x86_64-linux-gnu/libc-2.23.so
7f0f22ea5000-7f0f22ea9000 r--p 001bf000 08:08 269971                     /lib/x86_64-linux-gnu/libc-2.23.so
7f0f22ea9000-7f0f22eab000 rw-p 001c3000 08:08 269971                     /lib/x86_64-linux-gnu/libc-2.23.so
7f0f22eab000-7f0f22eaf000 rw-p 00000000 00:00 0 
7f0f22eaf000-7f0f22ebc000 r-xp 00000000 08:08 424564                     /usr/lib/jvm/java-8-openjdk-amd64/jre/lib/amd64/jli/libjli.so
7f0f22ebc000-7f0f230bc000 ---p 0000d000 08:08 424564                     /usr/lib/jvm/java-8-openjdk-amd64/jre/lib/amd64/jli/libjli.so
7f0f230bc000-7f0f230bd000 r--p 0000d000 08:08 424564                     /usr/lib/jvm/java-8-openjdk-amd64/jre/lib/amd64/jli/libjli.so
7f0f230bd000-7f0f230be000 rw-p 0000e000 08:08 424564                     /usr/lib/jvm/java-8-openjdk-amd64/jre/lib/amd64/jli/libjli.so
7f0f230be000-7f0f230e4000 r-xp 00000000 08:08 264600                     /lib/x86_64-linux-gnu/ld-2.23.so
7f0f230e4000-7f0f230e6000 r--s 0000a000 08:08 8394                       /usr/share/java/commons-cli-1.3.1.jar
7f0f230e6000-7f0f230f0000 r--s 00116000 08:08 662500                     /usr/lib/jvm/java-8-openjdk-amd64/jre/lib/ext/localedata.jar
7f0f230f0000-7f0f231bb000 rw-p 00000000 00:00 0 
7f0f231bb000-7f0f231be000 ---p 00000000 00:00 0 
7f0f231be000-7f0f232c1000 rw-p 00000000 00:00 0 
7f0f232c1000-7f0f232c3000 r--s 00007000 08:08 8656                       /usr/share/java/slf4j-api.jar
7f0f232c3000-7f0f232c5000 r--s 0000a000 08:08 8962                       /usr/share/java/plexus-classworlds2-2.5.2.jar
7f0f232c5000-7f0f232c7000 r--s 00008000 08:08 662492                     /usr/lib/jvm/java-8-openjdk-amd64/jre/lib/ext/sunec.jar
7f0f232c7000-7f0f232c8000 r--s 0000a000 08:08 662502                     /usr/lib/jvm/java-8-openjdk-amd64/jre/lib/ext/jaccess.jar
7f0f232c8000-7f0f232cb000 r--s 0000f000 08:08 662495                     /usr/lib/jvm/java-8-openjdk-amd64/jre/lib/ext/icedtea-sound.jar
7f0f232cb000-7f0f232cf000 r--s 00037000 08:08 662498                     /usr/lib/jvm/java-8-openjdk-amd64/jre/lib/ext/sunpkcs11.jar
7f0f232cf000-7f0f232d1000 r--s 00001000 08:08 662494                     /usr/lib/jvm/java-8-openjdk-amd64/jre/lib/ext/dnsns.jar
7f0f232d1000-7f0f232d6000 r--s 0003b000 08:08 662501                     /usr/lib/jvm/java-8-openjdk-amd64/jre/lib/ext/sunjce_provider.jar
7f0f232d6000-7f0f232d7000 r--s 00010000 08:08 662497                     /usr/lib/jvm/java-8-openjdk-amd64/jre/lib/ext/zipfs.jar
7f0f232d7000-7f0f232df000 rw-s 00000000 08:08 692961                     /tmp/hsperfdata_rajatar08/17918
7f0f232df000-7f0f232e0000 rw-p 00000000 00:00 0 
7f0f232e0000-7f0f232e1000 ---p 00000000 00:00 0 
7f0f232e1000-7f0f232e3000 rw-p 00000000 00:00 0 
7f0f232e3000-7f0f232e4000 r--p 00025000 08:08 264600                     /lib/x86_64-linux-gnu/ld-2.23.so
7f0f232e4000-7f0f232e5000 rw-p 00026000 08:08 264600                     /lib/x86_64-linux-gnu/ld-2.23.so
7f0f232e5000-7f0f232e6000 rw-p 00000000 00:00 0 
7ffee943a000-7ffee945b000 rw-p 00000000 00:00 0                          [stack]
7ffee94da000-7ffee94dc000 r--p 00000000 00:00 0                          [vvar]
7ffee94dc000-7ffee94de000 r-xp 00000000 00:00 0                          [vdso]
ffffffffff600000-ffffffffff601000 r-xp 00000000 00:00 0                  [vsyscall]

VM Arguments:
jvm_args: -Dclassworlds.conf=/usr/share/maven/bin/m2.conf -Dmaven.home=/usr/share/maven -Dmaven.multiModuleProjectDirectory=/home/rajatar08/workspace_1_sfsu/partyHouse 
java_command: org.codehaus.plexus.classworlds.launcher.Launcher assembly:assembly -DdescriptorId=jar-with-dependencies package
java_class_path (initial): /usr/share/maven/boot/plexus-classworlds-2.x.jar
Launcher Type: SUN_STANDARD

Environment Variables:
JAVA_HOME=/usr/lib/jvm/java-8-openjdk-amd64/
PATH=/usr/local/heroku/bin:/home/rajatar08/bin:/home/rajatar08/.local/bin:/usr/local/sbin:/usr/local/bin:/usr/sbin:/usr/bin:/sbin:/bin:/usr/games:/usr/local/games:/snap/bin
SHELL=/bin/bash
DISPLAY=:0

Signal Handlers:
SIGSEGV: [libjvm.so+0xa66fd0], sa_mask[0]=11111111011111111101111111111110, sa_flags=SA_RESTART|SA_SIGINFO
SIGBUS: [libjvm.so+0xa66fd0], sa_mask[0]=11111111011111111101111111111110, sa_flags=SA_RESTART|SA_SIGINFO
SIGFPE: [libjvm.so+0x8b0180], sa_mask[0]=11111111011111111101111111111110, sa_flags=SA_RESTART|SA_SIGINFO
SIGPIPE: [libjvm.so+0x8b0180], sa_mask[0]=11111111011111111101111111111110, sa_flags=SA_RESTART|SA_SIGINFO
SIGXFSZ: [libjvm.so+0x8b0180], sa_mask[0]=11111111011111111101111111111110, sa_flags=SA_RESTART|SA_SIGINFO
SIGILL: [libjvm.so+0x8b0180], sa_mask[0]=11111111011111111101111111111110, sa_flags=SA_RESTART|SA_SIGINFO
SIGUSR1: SIG_DFL, sa_mask[0]=00000000000000000000000000000000, sa_flags=none
SIGUSR2: [libjvm.so+0x8b0030], sa_mask[0]=00000000000000000000000000000000, sa_flags=SA_RESTART|SA_SIGINFO
SIGHUP: [libjvm.so+0x8b0500], sa_mask[0]=11111111011111111101111111111110, sa_flags=SA_RESTART|SA_SIGINFO
SIGINT: [libjvm.so+0x8b0500], sa_mask[0]=11111111011111111101111111111110, sa_flags=SA_RESTART|SA_SIGINFO
SIGTERM: [libjvm.so+0x8b0500], sa_mask[0]=11111111011111111101111111111110, sa_flags=SA_RESTART|SA_SIGINFO
SIGQUIT: [libjvm.so+0x8b0500], sa_mask[0]=11111111011111111101111111111110, sa_flags=SA_RESTART|SA_SIGINFO


---------------  S Y S T E M  ---------------

OS:DISTRIB_ID=Ubuntu
DISTRIB_RELEASE=16.04
DISTRIB_CODENAME=xenial
DISTRIB_DESCRIPTION="Ubuntu 16.04.1 LTS"

uname:Linux 4.4.0-66-generic #87-Ubuntu SMP Fri Mar 3 15:29:05 UTC 2017 x86_64
libc:glibc 2.23 NPTL 2.23 
rlimit: STACK 8192k, CORE 0k, NPROC 31061, NOFILE 65536, AS infinity
load average:12.36 3.14 1.24

/proc/meminfo:
MemTotal:        8085136 kB
MemFree:          128156 kB
MemAvailable:      36808 kB
Buffers:            1464 kB
Cached:          1034064 kB
SwapCached:            0 kB
Active:          6686128 kB
Inactive:         942156 kB
Active(anon):    6661636 kB
Inactive(anon):   918004 kB
Active(file):      24492 kB
Inactive(file):    24152 kB
Unevictable:        1252 kB
Mlocked:            1252 kB
SwapTotal:             0 kB
SwapFree:              0 kB
Dirty:                68 kB
Writeback:             0 kB
AnonPages:       6594524 kB
Mapped:           616140 kB
Shmem:            986368 kB
Slab:             114040 kB
SReclaimable:      48616 kB
SUnreclaim:        65424 kB
KernelStack:       23776 kB
PageTables:       110856 kB
NFS_Unstable:          0 kB
Bounce:                0 kB
WritebackTmp:          0 kB
CommitLimit:     4042568 kB
Committed_AS:   21528580 kB
VmallocTotal:   34359738367 kB
VmallocUsed:           0 kB
VmallocChunk:          0 kB
HardwareCorrupted:     0 kB
AnonHugePages:   1927168 kB
CmaTotal:              0 kB
CmaFree:               0 kB
HugePages_Total:       0
HugePages_Free:        0
HugePages_Rsvd:        0
HugePages_Surp:        0
Hugepagesize:       2048 kB
DirectMap4k:      285440 kB
DirectMap2M:     8013824 kB
DirectMap1G:           0 kB


CPU:total 8 (4 cores per cpu, 2 threads per core) family 6 model 60 stepping 3, cmov, cx8, fxsr, mmx, sse, sse2, sse3, ssse3, sse4.1, sse4.2, popcnt, avx, avx2, aes, clmul, erms, lzcnt, ht, tsc, tscinvbit, bmi1, bmi2

/proc/cpuinfo:
processor	: 0
vendor_id	: GenuineIntel
cpu family	: 6
model		: 60
model name	: Intel(R) Core(TM) i7-4700MQ CPU @ 2.40GHz
stepping	: 3
microcode	: 0x12
cpu MHz		: 1155.281
cache size	: 6144 KB
physical id	: 0
siblings	: 8
core id		: 0
cpu cores	: 4
apicid		: 0
initial apicid	: 0
fpu		: yes
fpu_exception	: yes
cpuid level	: 13
wp		: yes
flags		: fpu vme de pse tsc msr pae mce cx8 apic sep mtrr pge mca cmov pat pse36 clflush dts acpi mmx fxsr sse sse2 ss ht tm pbe syscall nx pdpe1gb rdtscp lm constant_tsc arch_perfmon pebs bts rep_good nopl xtopology nonstop_tsc aperfmperf eagerfpu pni pclmulqdq dtes64 monitor ds_cpl vmx est tm2 ssse3 sdbg fma cx16 xtpr pdcm pcid sse4_1 sse4_2 movbe popcnt tsc_deadline_timer aes xsave avx f16c rdrand lahf_lm abm epb tpr_shadow vnmi flexpriority ept vpid fsgsbase tsc_adjust bmi1 avx2 smep bmi2 erms invpcid xsaveopt dtherm ida arat pln pts
bugs		:
bogomips	: 4788.49
clflush size	: 64
cache_alignment	: 64
address sizes	: 39 bits physical, 48 bits virtual
power management:

processor	: 1
vendor_id	: GenuineIntel
cpu family	: 6
model		: 60
model name	: Intel(R) Core(TM) i7-4700MQ CPU @ 2.40GHz
stepping	: 3
microcode	: 0x12
cpu MHz		: 2023.781
cache size	: 6144 KB
physical id	: 0
siblings	: 8
core id		: 0
cpu cores	: 4
apicid		: 1
initial apicid	: 1
fpu		: yes
fpu_exception	: yes
cpuid level	: 13
wp		: yes
flags		: fpu vme de pse tsc msr pae mce cx8 apic sep mtrr pge mca cmov pat pse36 clflush dts acpi mmx fxsr sse sse2 ss ht tm pbe syscall nx pdpe1gb rdtscp lm constant_tsc arch_perfmon pebs bts rep_good nopl xtopology nonstop_tsc aperfmperf eagerfpu pni pclmulqdq dtes64 monitor ds_cpl vmx est tm2 ssse3 sdbg fma cx16 xtpr pdcm pcid sse4_1 sse4_2 movbe popcnt tsc_deadline_timer aes xsave avx f16c rdrand lahf_lm abm epb tpr_shadow vnmi flexpriority ept vpid fsgsbase tsc_adjust bmi1 avx2 smep bmi2 erms invpcid xsaveopt dtherm ida arat pln pts
bugs		:
bogomips	: 4788.49
clflush size	: 64
cache_alignment	: 64
address sizes	: 39 bits physical, 48 bits virtual
power management:

processor	: 2
vendor_id	: GenuineIntel
cpu family	: 6
model		: 60
model name	: Intel(R) Core(TM) i7-4700MQ CPU @ 2.40GHz
stepping	: 3
microcode	: 0x12
cpu MHz		: 2399.906
cache size	: 6144 KB
physical id	: 0
siblings	: 8
core id		: 1
cpu cores	: 4
apicid		: 2
initial apicid	: 2
fpu		: yes
fpu_exception	: yes
cpuid level	: 13
wp		: yes
flags		: fpu vme de pse tsc msr pae mce cx8 apic sep mtrr pge mca cmov pat pse36 clflush dts acpi mmx fxsr sse sse2 ss ht tm pbe syscall nx pdpe1gb rdtscp lm constant_tsc arch_perfmon pebs bts rep_good nopl xtopology nonstop_tsc aperfmperf eagerfpu pni pclmulqdq dtes64 monitor ds_cpl vmx est tm2 ssse3 sdbg fma cx16 xtpr pdcm pcid sse4_1 sse4_2 movbe popcnt tsc_deadline_timer aes xsave avx f16c rdrand lahf_lm abm epb tpr_shadow vnmi flexpriority ept vpid fsgsbase tsc_adjust bmi1 avx2 smep bmi2 erms invpcid xsaveopt dtherm ida arat pln pts
bugs		:
bogomips	: 4788.49
clflush size	: 64
cache_alignment	: 64
address sizes	: 39 bits physical, 48 bits virtual
power management:

processor	: 3
vendor_id	: GenuineIntel
cpu family	: 6
model		: 60
model name	: Intel(R) Core(TM) i7-4700MQ CPU @ 2.40GHz
stepping	: 3
microcode	: 0x12
cpu MHz		: 1577.531
cache size	: 6144 KB
physical id	: 0
siblings	: 8
core id		: 1
cpu cores	: 4
apicid		: 3
initial apicid	: 3
fpu		: yes
fpu_exception	: yes
cpuid level	: 13
wp		: yes
flags		: fpu vme de pse tsc msr pae mce cx8 apic sep mtrr pge mca cmov pat pse36 clflush dts acpi mmx fxsr sse sse2 ss ht tm pbe syscall nx pdpe1gb rdtscp lm constant_tsc arch_perfmon pebs bts rep_good nopl xtopology nonstop_tsc aperfmperf eagerfpu pni pclmulqdq dtes64 monitor ds_cpl vmx est tm2 ssse3 sdbg fma cx16 xtpr pdcm pcid sse4_1 sse4_2 movbe popcnt tsc_deadline_timer aes xsave avx f16c rdrand lahf_lm abm epb tpr_shadow vnmi flexpriority ept vpid fsgsbase tsc_adjust bmi1 avx2 smep bmi2 erms invpcid xsaveopt dtherm ida arat pln pts
bugs		:
bogomips	: 4788.49
clflush size	: 64
cache_alignment	: 64
address sizes	: 39 bits physical, 48 bits virtual
power management:

processor	: 4
vendor_id	: GenuineIntel
cpu family	: 6
model		: 60
model name	: Intel(R) Core(TM) i7-4700MQ CPU @ 2.40GHz
stepping	: 3
microcode	: 0x12
cpu MHz		: 2399.906
cache size	: 6144 KB
physical id	: 0
siblings	: 8
core id		: 2
cpu cores	: 4
apicid		: 4
initial apicid	: 4
fpu		: yes
fpu_exception	: yes
cpuid level	: 13
wp		: yes
flags		: fpu vme de pse tsc msr pae mce cx8 apic sep mtrr pge mca cmov pat pse36 clflush dts acpi mmx fxsr sse sse2 ss ht tm pbe syscall nx pdpe1gb rdtscp lm constant_tsc arch_perfmon pebs bts rep_good nopl xtopology nonstop_tsc aperfmperf eagerfpu pni pclmulqdq dtes64 monitor ds_cpl vmx est tm2 ssse3 sdbg fma cx16 xtpr pdcm pcid sse4_1 sse4_2 movbe popcnt tsc_deadline_timer aes xsave avx f16c rdrand lahf_lm abm epb tpr_shadow vnmi flexpriority ept vpid fsgsbase tsc_adjust bmi1 avx2 smep bmi2 erms invpcid xsaveopt dtherm ida arat pln pts
bugs		:
bogomips	: 4788.49
clflush size	: 64
cache_alignment	: 64
address sizes	: 39 bits physical, 48 bits virtual
power management:

processor	: 5
vendor_id	: GenuineIntel
cpu family	: 6
model		: 60
model name	: Intel(R) Core(TM) i7-4700MQ CPU @ 2.40GHz
stepping	: 3
microcode	: 0x12
cpu MHz		: 1435.406
cache size	: 6144 KB
physical id	: 0
siblings	: 8
core id		: 2
cpu cores	: 4
apicid		: 5
initial apicid	: 5
fpu		: yes
fpu_exception	: yes
cpuid level	: 13
wp		: yes
flags		: fpu vme de pse tsc msr pae mce cx8 apic sep mtrr pge mca cmov pat pse36 clflush dts acpi mmx fxsr sse sse2 ss ht tm pbe syscall nx pdpe1gb rdtscp lm constant_tsc arch_perfmon pebs bts rep_good nopl xtopology nonstop_tsc aperfmperf eagerfpu pni pclmulqdq dtes64 monitor ds_cpl vmx est tm2 ssse3 sdbg fma cx16 xtpr pdcm pcid sse4_1 sse4_2 movbe popcnt tsc_deadline_timer aes xsave avx f16c rdrand lahf_lm abm epb tpr_shadow vnmi flexpriority ept vpid fsgsbase tsc_adjust bmi1 avx2 smep bmi2 erms invpcid xsaveopt dtherm ida arat pln pts
bugs		:
bogomips	: 4788.49
clflush size	: 64
cache_alignment	: 64
address sizes	: 39 bits physical, 48 bits virtual
power management:

processor	: 6
vendor_id	: GenuineIntel
cpu family	: 6
model		: 60
model name	: Intel(R) Core(TM) i7-4700MQ CPU @ 2.40GHz
stepping	: 3
microcode	: 0x12
cpu MHz		: 1570.500
cache size	: 6144 KB
physical id	: 0
siblings	: 8
core id		: 3
cpu cores	: 4
apicid		: 6
initial apicid	: 6
fpu		: yes
fpu_exception	: yes
cpuid level	: 13
wp		: yes
flags		: fpu vme de pse tsc msr pae mce cx8 apic sep mtrr pge mca cmov pat pse36 clflush dts acpi mmx fxsr sse sse2 ss ht tm pbe syscall nx pdpe1gb rdtscp lm constant_tsc arch_perfmon pebs bts rep_good nopl xtopology nonstop_tsc aperfmperf eagerfpu pni pclmulqdq dtes64 monitor ds_cpl vmx est tm2 ssse3 sdbg fma cx16 xtpr pdcm pcid sse4_1 sse4_2 movbe popcnt tsc_deadline_timer aes xsave avx f16c rdrand lahf_lm abm epb tpr_shadow vnmi flexpriority ept vpid fsgsbase tsc_adjust bmi1 avx2 smep bmi2 erms invpcid xsaveopt dtherm ida arat pln pts
bugs		:
bogomips	: 4788.49
clflush size	: 64
cache_alignment	: 64
address sizes	: 39 bits physical, 48 bits virtual
power management:

processor	: 7
vendor_id	: GenuineIntel
cpu family	: 6
model		: 60
model name	: Intel(R) Core(TM) i7-4700MQ CPU @ 2.40GHz
stepping	: 3
microcode	: 0x12
cpu MHz		: 2401.500
cache size	: 6144 KB
physical id	: 0
siblings	: 8
core id		: 3
cpu cores	: 4
apicid		: 7
initial apicid	: 7
fpu		: yes
fpu_exception	: yes
cpuid level	: 13
wp		: yes
flags		: fpu vme de pse tsc msr pae mce cx8 apic sep mtrr pge mca cmov pat pse36 clflush dts acpi mmx fxsr sse sse2 ss ht tm pbe syscall nx pdpe1gb rdtscp lm constant_tsc arch_perfmon pebs bts rep_good nopl xtopology nonstop_tsc aperfmperf eagerfpu pni pclmulqdq dtes64 monitor ds_cpl vmx est tm2 ssse3 sdbg fma cx16 xtpr pdcm pcid sse4_1 sse4_2 movbe popcnt tsc_deadline_timer aes xsave avx f16c rdrand lahf_lm abm epb tpr_shadow vnmi flexpriority ept vpid fsgsbase tsc_adjust bmi1 avx2 smep bmi2 erms invpcid xsaveopt dtherm ida arat pln pts
bugs		:
bogomips	: 4788.49
clflush size	: 64
cache_alignment	: 64
address sizes	: 39 bits physical, 48 bits virtual
power management:



Memory: 4k page, physical 8085136k(143056k free), swap 0k(0k free)

vm_info: OpenJDK 64-Bit Server VM (25.121-b13) for linux-amd64 JRE (1.8.0_121-8u121-b13-0ubuntu1.16.04.2-b13), built on Jan 23 2017 15:51:29 by "buildd" with gcc 5.4.0 20160609

time: Sat Mar 18 19:29:07 2017
elapsed time: 44 seconds (0d 0h 0m 44s)

